#
# A fatal error has been detected by the Java Runtime Environment:
#
#  Internal Error (javaClasses.cpp:136), pid=1060, tid=4944
#  fatal error: Invalid layout of preloaded class
#
# JRE version:  (7.0_45-b18) (build )
# Java VM: Java HotSpot(TM) Client VM (24.45-b08 mixed mode windows-x86 )
# Failed to write core dump. Minidumps are not enabled by default on client versions of Windows
#
# If you would like to submit a bug report, please visit:
#   http://bugreport.sun.com/bugreport/crash.jsp
#

---------------  T H R E A D  ---------------

Current thread (0x0170b800):  JavaThread "Unknown thread" [_thread_in_vm, id=4944, stack(0x018c0000,0x01910000)]

Stack: [0x018c0000,0x01910000],  sp=0x0190f4ac,  free space=317k
Native frames: (J=compiled Java code, j=interpreted, Vv=VM code, C=native code)
V  [jvm.dll+0x18df51]
V  [jvm.dll+0x187cc6]
V  [jvm.dll+0x3586a]
V  [jvm.dll+0x358f6]
V  [jvm.dll+0x4400d]
V  [jvm.dll+0x442be]
V  [jvm.dll+0x9263a]
V  [jvm.dll+0x929eb]
V  [jvm.dll+0x13daf1]
V  [jvm.dll+0x1605fc]
V  [jvm.dll+0xc8ebf]
C  [javaw.exe+0x13ce]
C  [javaw.exe+0x1e40]
C  [javaw.exe+0xa5b1]
C  [javaw.exe+0xa63b]
C  [kernel32.dll+0x4ee1c]
C  [ntdll.dll+0x637eb]
C  [ntdll.dll+0x637be]


---------------  P R O C E S S  ---------------

Java Threads: ( => current thread )

Other Threads:

=>0x0170b800 (exited) JavaThread "Unknown thread" [_thread_in_vm, id=4944, stack(0x018c0000,0x01910000)]

VM state:not at safepoint (not fully initialized)

VM Mutex/Monitor currently owned by a thread: None

GC Heap History (0 events):
No events

Deoptimization events (0 events):
No events

Internal exceptions (0 events):
No events

Events (10 events):
Event: 0.998 loading class 0x0173bbd8 done
Event: 0.999 loading class 0x0173b668 done
Event: 0.999 loading class 0x0173b648
Event: 1.050 loading class 0x01742970
Event: 1.063 loading class 0x01742970 done
Event: 1.063 loading class 0x017429a0
Event: 1.063 loading class 0x017429a0 done
Event: 1.063 loading class 0x017429d0
Event: 1.078 loading class 0x017429d0 done
Event: 1.078 loading class 0x0173b648 done


Dynamic libraries:
0x01130000 - 0x0115f000 	C:\Program Files\Java\jre7\bin\javaw.exe
0x77be0000 - 0x77d1c000 	C:\Windows\SYSTEM32\ntdll.dll
0x76580000 - 0x76654000 	C:\Windows\system32\kernel32.dll
0x75ea0000 - 0x75eeb000 	C:\Windows\system32\KERNELBASE.dll
0x76230000 - 0x762d0000 	C:\Windows\system32\ADVAPI32.dll
0x778a0000 - 0x7794c000 	C:\Windows\system32\msvcrt.dll
0x762d0000 - 0x762e9000 	C:\Windows\SYSTEM32\sechost.dll
0x76370000 - 0x76412000 	C:\Windows\system32\RPCRT4.dll
0x76420000 - 0x764e9000 	C:\Windows\system32\USER32.dll
0x77350000 - 0x7739e000 	C:\Windows\system32\GDI32.dll
0x77d60000 - 0x77d6a000 	C:\Windows\system32\LPK.dll
0x772b0000 - 0x7734d000 	C:\Windows\system32\USP10.dll
0x74a60000 - 0x74bfe000 	C:\Windows\WinSxS\x86_microsoft.windows.common-controls_6595b64144ccf1df_6.0.7601.17514_none_41e6975e2bd6f2b2\COMCTL32.dll
0x773a0000 - 0x773f7000 	C:\Windows\system32\SHLWAPI.dll
0x77d30000 - 0x77d4f000 	C:\Windows\system32\IMM32.DLL
0x77950000 - 0x77a1c000 	C:\Windows\system32\MSCTF.dll
0x5a490000 - 0x5a54f000 	C:\Program Files\Java\jre7\bin\msvcr100.dll
0x71050000 - 0x713d0000 	C:\Program Files\Java\jre7\bin\client\jvm.dll
0x6fe90000 - 0x6fe97000 	C:\Windows\system32\WSOCK32.dll
0x760c0000 - 0x760f5000 	C:\Windows\system32\WS2_32.dll
0x77d70000 - 0x77d76000 	C:\Windows\system32\NSI.dll
0x734b0000 - 0x734e2000 	C:\Windows\system32\WINMM.dll
0x77d20000 - 0x77d25000 	C:\Windows\system32\PSAPI.DLL
0x74a40000 - 0x74a4c000 	C:\Program Files\Java\jre7\bin\verify.dll
0x74380000 - 0x743a0000 	C:\Program Files\Java\jre7\bin\java.dll
0x73c90000 - 0x73ca3000 	C:\Program Files\Java\jre7\bin\zip.dll
0x6aa40000 - 0x6ab2b000 	C:\Windows\system32\dbghelp.dll

VM Arguments:
jvm_args: -Dfile.encoding=Cp1252 -Xbootclasspath:D:\Android\Software\adt-bundle-windows-x86-20130729\adt-bundle-windows-x86-20130729\sdk\platforms\android-18\android.jar 
java_command: AudioSplit
Launcher Type: SUN_STANDARD

Environment Variables:
CLASSPATH=.;C:\Program Files\QuickTime\QTSystem\QTJava.zip
PATH=C:/Program Files/Java/jre7/bin/client;C:/Program Files/Java/jre7/bin;C:/Program Files/Java/jre7/lib/i386;C:\Program Files\PC Connectivity Solution\;C:\Windows\system32;C:\Windows;C:\Windows\System32\Wbem;C:\Windows\System32\WindowsPowerShell\v1.0\;C:\Program Files\QuickTime\QTSystem\;E:\Ruby200\bin;E:\GAE\;D:\Android\Software\adt-bundle-windows-x86-20130729\adt-bundle-windows-x86-20130729\eclipse;
USERNAME=Mrinal
OS=Windows_NT
PROCESSOR_IDENTIFIER=x86 Family 6 Model 37 Stepping 5, GenuineIntel



---------------  S Y S T E M  ---------------

OS: Windows 7 Build 7601 Service Pack 1

CPU:total 2 (2 cores per cpu, 1 threads per core) family 6 model 37 stepping 5, cmov, cx8, fxsr, mmx, sse, sse2, sse3, ssse3, popcnt, tsc, tscinvbit

Memory: 4k page, physical 1825652k(343232k free), swap 3684072k(477776k free)

vm_info: Java HotSpot(TM) Client VM (24.45-b08) for windows-x86 JRE (1.7.0_45-b18), built on Oct  8 2013 06:02:43 by "java_re" with unknown MS VC++:1600

time: Mon Jun 09 14:30:21 2014
elapsed time: 1 seconds

